Build started 21/10/2014 23:39:54.
     1>Project "C:\Users\mpfs\Contacts\Documents\GitHub\SwordPlay\SwordPlay\SwordPlayServer\SwordPlayServer.vcxproj" on node 3 (Build target(s)).
     1>ClCompile:
         C:\Program Files (x86)\Microsoft Visual Studio 12.0\VC\bin\CL.exe /c /Zi /nologo /W3 /WX- /sdl /O2 /Oi /Oy- /GL /D _MBCS /D _XKEYCHECK_H /D _MBCS /Gm- /EHsc /MD /GS /Gy /fp:precise /Zc:wchar_t /Zc:forScope /Fo"Release\\" /Fd"Release\vc120.pdb" /Gd /TP /analyze- /errorReport:prompt ServerHost.cpp
         ServerHost.cpp
     1>ServerHost.cpp(55): warning C4018: '<' : signed/unsigned mismatch
     1>ServerHost.cpp(98): warning C4244: '=' : conversion from 'int' to 'f32', possible loss of data
     1>ServerHost.cpp(101): warning C4244: '=' : conversion from 'int' to 'f32', possible loss of data
     1>ServerHost.cpp(122): warning C4018: '<' : signed/unsigned mismatch
       Link:
         C:\Program Files (x86)\Microsoft Visual Studio 12.0\VC\bin\link.exe /ERRORREPORT:PROMPT /OUT:"C:\Users\mpfs\Contacts\Documents\GitHub\SwordPlay\SwordPlay\Release\SwordPlayServer.exe" /NOLOGO enet.lib ws2_32.lib winmm.lib tokamak.lib kernel32.lib user32.lib gdi32.lib winspool.lib comdlg32.lib advapi32.lib shell32.lib ole32.lib oleaut32.lib uuid.lib odbc32.lib odbccp32.lib /MANIFEST /MANIFESTUAC:"level='asInvoker' uiAccess='false'" /manifest:embed /DEBUG /PDB:"C:\Users\mpfs\Contacts\Documents\GitHub\SwordPlay\SwordPlay\Release\SwordPlayServer.pdb" /OPT:REF /OPT:ICF /LTCG /TLBID:1 /DYNAMICBASE /NXCOMPAT /IMPLIB:"C:\Users\mpfs\Contacts\Documents\GitHub\SwordPlay\SwordPlay\Release\SwordPlayServer.lib" /MACHINE:X86 /SAFESEH:NO Release\Main.obj
         Release\Object.obj
         Release\Player.obj
         Release\ServerHost.obj
         Release\ServerManager.obj
         Release\World.obj
     1>LINK : warning LNK4098: defaultlib 'LIBCMT' conflicts with use of other libs; use /NODEFAULTLIB:library
         Generating code
         Finished generating code
         SwordPlayServer.vcxproj -> C:\Users\mpfs\Contacts\Documents\GitHub\SwordPlay\SwordPlay\Release\SwordPlayServer.exe
     1>Done Building Project "C:\Users\mpfs\Contacts\Documents\GitHub\SwordPlay\SwordPlay\SwordPlayServer\SwordPlayServer.vcxproj" (Build target(s)).

Build succeeded.

Time Elapsed 00:00:02.24
