Build started 22/10/2014 14:41:36.
     1>Project "C:\Users\mpfs\Contacts\Documents\GitHub\SwordPlay\SwordPlay\SwordPlay\SwordPlay.vcxproj" on node 2 (Build target(s)).
     1>ClCompile:
         C:\Program Files (x86)\Microsoft Visual Studio 12.0\VC\bin\CL.exe /c /ZI /nologo /W3 /WX- /sdl /Od /Oy- /D _MBCS /Gm /EHsc /RTC1 /MDd /GS /fp:precise /Zc:wchar_t /Zc:forScope /Fo"Debug\\" /Fd"Debug\vc120.pdb" /Gd /TP /analyze- /errorReport:prompt ClientConnection.cpp GameManager.cpp Gui.cpp Main.cpp Object.cpp World.cpp
         ClientConnection.cpp
     1>c:\users\mpfs\contacts\documents\github\swordplay\swordplay\swordplay\clientconnection.h(26): warning C4244: 'argument' : conversion from 'int' to 'float', possible loss of data
     1>c:\users\mpfs\contacts\documents\github\swordplay\swordplay\swordplay\clientconnection.h(28): warning C4244: '=' : conversion from 'int' to 'float', possible loss of data
     1>c:\users\mpfs\contacts\documents\github\swordplay\swordplay\swordplay\clientconnection.h(33): warning C4244: 'argument' : conversion from 'int' to 'float', possible loss of data
     1>c:\users\mpfs\contacts\documents\github\swordplay\swordplay\swordplay\clientconnection.h(35): warning C4244: '=' : conversion from 'int' to 'float', possible loss of data
     1>c:\users\mpfs\contacts\documents\github\swordplay\swordplay\swordplay\gui.h(24): warning C4244: 'argument' : conversion from 'float' to 'irr::s32', possible loss of data
     1>c:\users\mpfs\contacts\documents\github\swordplay\swordplay\swordplay\clientconnection.cpp(111): warning C4018: '<' : signed/unsigned mismatch
     1>c:\users\mpfs\contacts\documents\github\swordplay\swordplay\swordplay\clientconnection.cpp(122): warning C4244: 'initializing' : conversion from 'double' to 'int', possible loss of data
     1>c:\users\mpfs\contacts\documents\github\swordplay\swordplay\swordplay\clientconnection.cpp(123): warning C4244: 'initializing' : conversion from 'double' to 'int', possible loss of data
     1>c:\users\mpfs\contacts\documents\github\swordplay\swordplay\swordplay\clientconnection.cpp(124): warning C4244: 'initializing' : conversion from 'double' to 'int', possible loss of data
     1>c:\users\mpfs\contacts\documents\github\swordplay\swordplay\swordplay\clientconnection.cpp(125): warning C4244: 'initializing' : conversion from 'double' to 'int', possible loss of data
     1>c:\users\mpfs\contacts\documents\github\swordplay\swordplay\swordplay\clientconnection.cpp(126): warning C4244: 'initializing' : conversion from 'double' to 'int', possible loss of data
     1>c:\users\mpfs\contacts\documents\github\swordplay\swordplay\swordplay\clientconnection.cpp(127): warning C4244: 'initializing' : conversion from 'double' to 'int', possible loss of data
     1>c:\users\mpfs\contacts\documents\github\swordplay\swordplay\swordplay\clientconnection.cpp(149): warning C4244: 'argument' : conversion from 'int' to 'irr::f32', possible loss of data
     1>c:\users\mpfs\contacts\documents\github\swordplay\swordplay\swordplay\clientconnection.cpp(150): warning C4244: 'argument' : conversion from 'int' to 'irr::f32', possible loss of data
         Generating Code...
         Compiling...
         GameManager.cpp
     1>c:\users\mpfs\contacts\documents\github\swordplay\swordplay\swordplay\gui.h(24): warning C4244: 'argument' : conversion from 'float' to 'irr::s32', possible loss of data
     1>c:\users\mpfs\contacts\documents\github\swordplay\swordplay\swordplay\clientconnection.h(26): warning C4244: 'argument' : conversion from 'int' to 'float', possible loss of data
     1>c:\users\mpfs\contacts\documents\github\swordplay\swordplay\swordplay\clientconnection.h(28): warning C4244: '=' : conversion from 'int' to 'float', possible loss of data
     1>c:\users\mpfs\contacts\documents\github\swordplay\swordplay\swordplay\clientconnection.h(33): warning C4244: 'argument' : conversion from 'int' to 'float', possible loss of data
     1>c:\users\mpfs\contacts\documents\github\swordplay\swordplay\swordplay\clientconnection.h(35): warning C4244: '=' : conversion from 'int' to 'float', possible loss of data
     1>c:\users\mpfs\contacts\documents\github\swordplay\swordplay\swordplay\gamemanager.cpp(92): warning C4244: 'initializing' : conversion from 'irr::s32' to 'float', possible loss of data
     1>c:\users\mpfs\contacts\documents\github\swordplay\swordplay\swordplay\gamemanager.cpp(93): warning C4244: 'initializing' : conversion from 'irr::s32' to 'float', possible loss of data
     1>c:\users\mpfs\contacts\documents\github\swordplay\swordplay\swordplay\gamemanager.cpp(111): warning C4018: '<' : signed/unsigned mismatch
     1>c:\users\mpfs\contacts\documents\github\swordplay\swordplay\swordplay\gamemanager.cpp(132): warning C4244: 'argument' : conversion from 'int' to 'float', possible loss of data
     1>c:\users\mpfs\contacts\documents\github\swordplay\swordplay\swordplay\gamemanager.cpp(132): warning C4244: '=' : conversion from 'float' to 'enet_uint8', possible loss of data
     1>c:\users\mpfs\contacts\documents\github\swordplay\swordplay\swordplay\gamemanager.cpp(133): warning C4244: 'argument' : conversion from 'int' to 'float', possible loss of data
     1>c:\users\mpfs\contacts\documents\github\swordplay\swordplay\swordplay\gamemanager.cpp(133): warning C4244: '=' : conversion from 'float' to 'enet_uint8', possible loss of data
     1>c:\users\mpfs\contacts\documents\github\swordplay\swordplay\swordplay\gamemanager.cpp(134): warning C4244: 'argument' : conversion from 'int' to 'float', possible loss of data
     1>c:\users\mpfs\contacts\documents\github\swordplay\swordplay\swordplay\gamemanager.cpp(134): warning C4244: '=' : conversion from 'float' to 'enet_uint8', possible loss of data
     1>c:\users\mpfs\contacts\documents\github\swordplay\swordplay\swordplay\gamemanager.cpp(135): warning C4244: 'argument' : conversion from 'int' to 'float', possible loss of data
     1>c:\users\mpfs\contacts\documents\github\swordplay\swordplay\swordplay\gamemanager.cpp(135): warning C4244: '=' : conversion from 'float' to 'enet_uint8', possible loss of data
     1>c:\users\mpfs\contacts\documents\github\swordplay\swordplay\swordplay\gamemanager.cpp(136): warning C4244: 'argument' : conversion from 'int' to 'float', possible loss of data
     1>c:\users\mpfs\contacts\documents\github\swordplay\swordplay\swordplay\gamemanager.cpp(136): warning C4244: '=' : conversion from 'float' to 'enet_uint8', possible loss of data
     1>c:\users\mpfs\contacts\documents\github\swordplay\swordplay\swordplay\gamemanager.cpp(137): warning C4244: 'argument' : conversion from 'int' to 'float', possible loss of data
     1>c:\users\mpfs\contacts\documents\github\swordplay\swordplay\swordplay\gamemanager.cpp(137): warning C4244: '=' : conversion from 'float' to 'enet_uint8', possible loss of data
     1>c:\users\mpfs\contacts\documents\github\swordplay\swordplay\swordplay\gamemanager.cpp(139): warning C4244: '=' : conversion from 'float' to 'enet_uint8', possible loss of data
     1>c:\users\mpfs\contacts\documents\github\swordplay\swordplay\swordplay\gamemanager.cpp(140): warning C4244: '=' : conversion from 'float' to 'enet_uint8', possible loss of data
     1>c:\users\mpfs\contacts\documents\github\swordplay\swordplay\swordplay\gamemanager.cpp(141): warning C4244: '=' : conversion from 'float' to 'enet_uint8', possible loss of data
     1>c:\users\mpfs\contacts\documents\github\swordplay\swordplay\swordplay\gamemanager.cpp(142): warning C4244: '=' : conversion from 'float' to 'enet_uint8', possible loss of data
     1>c:\users\mpfs\contacts\documents\github\swordplay\swordplay\swordplay\gamemanager.cpp(143): warning C4244: '=' : conversion from 'float' to 'enet_uint8', possible loss of data
     1>c:\users\mpfs\contacts\documents\github\swordplay\swordplay\swordplay\gamemanager.cpp(144): warning C4244: '=' : conversion from 'float' to 'enet_uint8', possible loss of data
         Generating Code...
         Skipping... (no relevant changes detected)
         World.cpp
         Object.cpp
         Main.cpp
         Gui.cpp
       Link:
         C:\Program Files (x86)\Microsoft Visual Studio 12.0\VC\bin\link.exe /ERRORREPORT:PROMPT /OUT:"C:\Users\mpfs\Contacts\Documents\GitHub\SwordPlay\SwordPlay\Debug\SwordPlay.exe" /INCREMENTAL /NOLOGO enet.lib Irrlicht.lib ws2_32.lib winmm.lib kernel32.lib user32.lib gdi32.lib winspool.lib comdlg32.lib advapi32.lib shell32.lib ole32.lib oleaut32.lib uuid.lib odbc32.lib odbccp32.lib /MANIFEST /MANIFESTUAC:"level='asInvoker' uiAccess='false'" /manifest:embed /DEBUG /PDB:"C:\Users\mpfs\Contacts\Documents\GitHub\SwordPlay\SwordPlay\Debug\SwordPlay.pdb" /TLBID:1 /DYNAMICBASE /NXCOMPAT /IMPLIB:"C:\Users\mpfs\Contacts\Documents\GitHub\SwordPlay\SwordPlay\Debug\SwordPlay.lib" /MACHINE:X86 Debug\ClientConnection.obj
         Debug\GameManager.obj
         Debug\Gui.obj
         Debug\GuiMain.obj
         Debug\Main.obj
         Debug\Object.obj
         Debug\World.obj
         SwordPlay.vcxproj -> C:\Users\mpfs\Contacts\Documents\GitHub\SwordPlay\SwordPlay\Debug\SwordPlay.exe
     1>Done Building Project "C:\Users\mpfs\Contacts\Documents\GitHub\SwordPlay\SwordPlay\SwordPlay\SwordPlay.vcxproj" (Build target(s)).

Build succeeded.

Time Elapsed 00:00:04.09
